/*C82*/SET SCHEMA PUBLIC
DISCONNECT
/*C83*/SET SCHEMA PUBLIC
DELETE FROM SEQUENCE WHERE SEQ_NAME='SEC_CLIENTE'
INSERT INTO SEQUENCE VALUES('SEC_CLIENTE',5)
COMMIT
DELETE FROM SEQUENCE WHERE SEQ_NAME='SEC_PERSONA'
INSERT INTO SEQUENCE VALUES('SEC_PERSONA',5)
COMMIT
DELETE FROM SEQUENCE WHERE SEQ_NAME='SEC_DOMICILIO'
INSERT INTO SEQUENCE VALUES('SEC_DOMICILIO',3)
COMMIT
INSERT INTO GCLI_INF_DOMICILIO VALUES(3,'06350','ALGUNA','34','B-56',NULL)
INSERT INTO GCLI_INF_PERSONA VALUES(5,'CECILIA','ESPINOSA DE LOS MONTEROS','TORRES',NULL,NULL,'CECY@GMAIL.COM',3)
INSERT INTO GCLI_CLIENTE VALUES(5,5)
COMMIT
DISCONNECT
/*C84*/SET SCHEMA PUBLIC
DISCONNECT
/*C85*/SET SCHEMA PUBLIC
DISCONNECT
/*C86*/SET SCHEMA PUBLIC
DELETE FROM SEQUENCE WHERE SEQ_NAME='SEC_PROBLEMA_MEDICO'
INSERT INTO SEQUENCE VALUES('SEC_PROBLEMA_MEDICO',2)
COMMIT
INSERT INTO GCLI_INF_PROBLEMA_MEDICO VALUES(2,'OTRA COSAS')
COMMIT
DELETE FROM SEQUENCE WHERE SEQ_NAME='SEC_USUARIO'
INSERT INTO SEQUENCE VALUES('SEC_USUARIO',2)
COMMIT
DELETE FROM SEQUENCE WHERE SEQ_NAME='SEC_PERSONA'
INSERT INTO SEQUENCE VALUES('SEC_PERSONA',6)
COMMIT
INSERT INTO GCLI_INF_PERSONA VALUES(6,'OTRO','OTRO','OTRO',NULL,NULL,'OOO',NULL)
INSERT INTO GCLI_USUARIO VALUES(2,6,'ALGO','ALGO',FALSE)
COMMIT
DELETE FROM GCLI_INF_PERSONA WHERE ID_PERSONA=6
INSERT INTO GCLI_INF_PERSONA VALUES(6,'OTRO','OTRO MAS','OTRO',NULL,NULL,'OOO',NULL)
DELETE FROM GCLI_USUARIO WHERE ID_USUARIO=2
INSERT INTO GCLI_USUARIO VALUES(2,6,'ALGO','88888888',FALSE)
COMMIT
DISCONNECT
/*C87*/SET SCHEMA PUBLIC
DISCONNECT
/*C88*/SET SCHEMA PUBLIC
DISCONNECT
/*C89*/SET SCHEMA PUBLIC
DISCONNECT
/*C90*/SET SCHEMA PUBLIC
DISCONNECT
